Unity Editor version:    2020.3.21f1 (a38c86f6690f)
Branch:                  2020.3/staging
Build type:              Release
Batch mode:              YES
macOS version:           Version 10.13.6 (Build 17G65)
Darwin version:          17.7.0
Architecture:            x86_64
Running under Rosetta:   NO
Available memory:        4096 MB
Using pre-set license
Pro License: NO

COMMAND LINE ARGUMENTS:
/Applications/Unity/Hub/Editor/2020.3.21f1/Unity.app/Contents/MacOS/Unity
-adb2
-batchMode
-noUpm
-name
AssetImportWorker85
-projectPath
/Users/admin/Desktop/GameUnity/Brownie
-logFile
Logs/AssetImportWorker85.log
-srvPort
53653
Successfully changed project path to: /Users/admin/Desktop/GameUnity/Brownie
/Users/admin/Desktop/GameUnity/Brownie
Using Asset Import Pipeline V2.
